<?xml version="1.0" encoding="UTF-8"?>
<testng-results skipped="0" failed="0" ignored="0" total="1" passed="1">
  <reporter-output>
  </reporter-output>
  <suite name="Suite" duration-ms="30117" started-at="2020-08-25T07:12:16 IST" finished-at="2020-08-25T07:12:46 IST">
    <groups>
    </groups>
    <test name="testcase_01" duration-ms="30117" started-at="2020-08-25T07:12:16 IST" finished-at="2020-08-25T07:12:46 IST">
      <class name="com.testcase.testcase_01">
        <test-method status="PASS" signature="setup(java.lang.String)[pri:0, instance:com.testcase.testcase_01@27ae2fd0]" name="setup" is-config="true" duration-ms="12698" started-at="2020-08-25T07:12:17 IST" finished-at="2020-08-25T07:12:29 IST">
          <params>
            <param index="0">
              <value>
                <![CDATA[chrome]]>
              </value>
            </param>
          </params>
          <reporter-output>
          </reporter-output>
        </test-method> <!-- setup -->
        <test-method status="PASS" signature="logintest()[pri:0, instance:com.testcase.testcase_01@27ae2fd0]" name="logintest" duration-ms="13585" started-at="2020-08-25T07:12:29 IST" finished-at="2020-08-25T07:12:43 IST">
          <reporter-output>
          </reporter-output>
        </test-method> <!-- logintest -->
        <test-method status="PASS" signature="closed()[pri:0, instance:com.testcase.testcase_01@27ae2fd0]" name="closed" is-config="true" duration-ms="3390" started-at="2020-08-25T07:12:43 IST" finished-at="2020-08-25T07:12:46 IST">
          <reporter-output>
          </reporter-output>
        </test-method> <!-- closed -->
      </class> <!-- com.testcase.testcase_01 -->
    </test> <!-- testcase_01 -->
  </suite> <!-- Suite -->
</testng-results>
